<?xml version="1.0" encoding="UTF-8"?>
<!-- Generated by org.testng.reporters.JUnitXMLReporter -->
<testsuite ignored="0" hostname="DESKTOP-GTQ18FH" failures="0" tests="5" name="Checking FinSights Application using TestNG" time="23.395" errors="0" timestamp="2023-08-02T16:19:26 IST">
  <testcase classname="com.seleniumpratice.seleniumpratice.NewSeleniumTest" name="ExploreButtonTest" time="7.687"/>
  <testcase classname="com.seleniumpratice.seleniumpratice.NewSeleniumTest" name="DownloadForFreeButtonTest" time="2.059"/>
  <testcase classname="com.seleniumpratice.seleniumpratice.NewSeleniumTest" name="DownloadDesktopAppButtonTest" time="2.607"/>
  <testcase classname="com.seleniumpratice.seleniumpratice.NewSeleniumTest" name="GstItRecButtonTest" time="1.817"/>
  <testcase classname="com.seleniumpratice.seleniumpratice.NewSeleniumTest" name="SignUpButtonTest" time="7.09"/>
</testsuite> <!-- Checking FinSights Application using TestNG -->
