<?xml version="1.0" encoding="UTF-8"?>
<!-- Generated by org.testng.reporters.JUnitXMLReporter -->
<testsuite ignored="0" hostname="DESKTOP-GTQ18FH" failures="0" tests="5" name="Checking FinSights Application using Selenium and TestNG" time="90.013" errors="0" timestamp="2023-08-02T21:19:22 IST">
  <testcase classname="com.seleniumpratice.seleniumpratice.NewSeleniumTest" name="ExploreButtonTest" time="12.407"/>
  <testcase classname="com.seleniumpratice.seleniumpratice.NewSeleniumTest" name="DownloadForFreeButtonTest" time="11.131"/>
  <testcase classname="com.seleniumpratice.seleniumpratice.NewSeleniumTest" name="DownloadDesktopAppButtonTest" time="4.635"/>
  <testcase classname="com.seleniumpratice.seleniumpratice.NewSeleniumTest" name="GstItRecButtonTest" time="7.679"/>
  <testcase classname="com.seleniumpratice.seleniumpratice.NewSeleniumTest" name="SignUpButtonTest" time="51.806"/>
</testsuite> <!-- Checking FinSights Application using Selenium and TestNG -->
