<?xml version="1.0" encoding="UTF-8"?>
<!-- Generated by org.testng.reporters.JUnitXMLReporter -->
<testsuite ignored="0" hostname="DESKTOP-GTQ18FH" failures="0" tests="5" name="Default test" time="74.503" errors="0" timestamp="2023-08-03T10:55:48 IST">
  <testcase classname="com.seleniumpratice.seleniumpratice.NewSeleniumTest" name="ExploreButtonTest" time="18.805"/>
  <testcase classname="com.seleniumpratice.seleniumpratice.NewSeleniumTest" name="DownloadForFreeButtonTest" time="18.545"/>
  <testcase classname="com.seleniumpratice.seleniumpratice.NewSeleniumTest" name="DownloadDesktopAppButtonTest" time="3.499"/>
  <testcase classname="com.seleniumpratice.seleniumpratice.NewSeleniumTest" name="GstItRecButtonTest" time="2.502"/>
  <testcase classname="com.seleniumpratice.seleniumpratice.NewSeleniumTest" name="SignUpButtonTest" time="27.507"/>
</testsuite> <!-- Default test -->
