<?xml version="1.0" encoding="UTF-8"?>
<testng-results ignored="0" total="5" passed="5" failed="0" skipped="0">
  <reporter-output>
  </reporter-output>
  <suite started-at="2023-08-03T10:54:33 IST" name="Default suite" finished-at="2023-08-03T10:55:48 IST" duration-ms="74503">
    <groups>
    </groups>
    <test started-at="2023-08-03T10:54:33 IST" name="Default test" finished-at="2023-08-03T10:55:48 IST" duration-ms="74503">
      <class name="com.seleniumpratice.seleniumpratice.NewSeleniumTest">
        <test-method is-config="true" signature="setUp()[pri:0, instance:com.seleniumpratice.seleniumpratice.NewSeleniumTest@1349883]" started-at="2023-08-03T10:54:33 IST" name="setUp" finished-at="2023-08-03T10:54:37 IST" duration-ms="3165" status="PASS">
          <reporter-output>
          </reporter-output>
        </test-method> <!-- setUp -->
        <test-method signature="ExploreButtonTest()[pri:1, instance:com.seleniumpratice.seleniumpratice.NewSeleniumTest@1349883]" started-at="2023-08-03T10:54:37 IST" name="ExploreButtonTest" finished-at="2023-08-03T10:54:55 IST" duration-ms="18805" status="PASS">
          <reporter-output>
          </reporter-output>
        </test-method> <!-- ExploreButtonTest -->
        <test-method signature="DownloadForFreeButtonTest()[pri:2, instance:com.seleniumpratice.seleniumpratice.NewSeleniumTest@1349883]" started-at="2023-08-03T10:54:55 IST" name="DownloadForFreeButtonTest" finished-at="2023-08-03T10:55:14 IST" duration-ms="18545" status="PASS">
          <reporter-output>
          </reporter-output>
        </test-method> <!-- DownloadForFreeButtonTest -->
        <test-method signature="DownloadDesktopAppButtonTest()[pri:3, instance:com.seleniumpratice.seleniumpratice.NewSeleniumTest@1349883]" started-at="2023-08-03T10:55:14 IST" name="DownloadDesktopAppButtonTest" finished-at="2023-08-03T10:55:18 IST" duration-ms="3499" status="PASS">
          <reporter-output>
          </reporter-output>
        </test-method> <!-- DownloadDesktopAppButtonTest -->
        <test-method signature="GstItRecButtonTest()[pri:4, instance:com.seleniumpratice.seleniumpratice.NewSeleniumTest@1349883]" started-at="2023-08-03T10:55:18 IST" name="GstItRecButtonTest" finished-at="2023-08-03T10:55:20 IST" duration-ms="2502" status="PASS">
          <reporter-output>
          </reporter-output>
        </test-method> <!-- GstItRecButtonTest -->
        <test-method signature="SignUpButtonTest()[pri:5, instance:com.seleniumpratice.seleniumpratice.NewSeleniumTest@1349883]" started-at="2023-08-03T10:55:20 IST" name="SignUpButtonTest" finished-at="2023-08-03T10:55:48 IST" duration-ms="27507" status="PASS">
          <reporter-output>
          </reporter-output>
        </test-method> <!-- SignUpButtonTest -->
        <test-method is-config="true" signature="tearDown()[pri:0, instance:com.seleniumpratice.seleniumpratice.NewSeleniumTest@1349883]" started-at="2023-08-03T10:55:48 IST" name="tearDown" finished-at="2023-08-03T10:55:48 IST" duration-ms="374" status="PASS">
          <reporter-output>
          </reporter-output>
        </test-method> <!-- tearDown -->
      </class> <!-- com.seleniumpratice.seleniumpratice.NewSeleniumTest -->
    </test> <!-- Default test -->
  </suite> <!-- Default suite -->
</testng-results>
